[
  "antigravity.prioritized.explainProblem",
  "antigravity.updateDebugInfoWidget",
  "antigravity.toggleDebugInfoWidget",
  "antigravity.editorModeSettings",
  "antigravity.prioritized.agentFocusNextFile",
  "antigravity.prioritized.agentFocusPreviousFile",
  "antigravity.prioritized.agentAcceptAllInFile",
  "antigravity.prioritized.agentRejectAllInFile",
  "antigravity.reloadWindow",
  "antigravity.sendTerminalToChat",
  "antigravity.prioritized.chat.openNewConversationFromTerminal",
  "antigravity.openInCiderAction.topBar",
  "antigravity.onboarding.reset",
  "antigravity.manager.onboarding.reset",
  "antigravity.openAgent",
  "antigravity.openQuickSettingsPanel",
  "antigravity.customizeAppIcon",
  "antigravity.openIssueReporter",
  "antigravity.openCustomizationsTab",
  "antigravity.openGlobalRules",
  "antigravity.openMcpConfigurationPanel",
  "antigravity.openConfigurePluginsPage",
  "antigravity.openDocs",
  "antigravity.openMcpDocsPage",
  "antigravity.openRulesEducationalLink",
  "antigravity.openTroubleshooting",
  "antigravity.openChangeLog",
  "antigravity.switchBetweenWorkspaceAndAgent",
  "antigravityAgentManager.reportError",
  "antigravityAgentManager.reportStatus",
  "antigravityAgentManager.clearErrors",
  "antigravityAgentManager.reportNotification",
  "antigravity.showBrowserAllowlist",
  "antigravity.createWorkflow",
  "antigravity.createGlobalWorkflow",
  "antigravity.createRule",
  "git.antigravityReportCloneProgress",
  "git.antigravityClearCloneProgress",
  "antigravity.playAudio",
  "antigravity.playNote",
  "antigravity.toggleManagerDevTools",
  "antigravity.toggleSettingsDevTools",
  "antigravity.sendAnalyticsAction",
  "antigravity.uploadErrorAction",
  "antigravity.getBrowserOnboardingPort",
  "antigravity.artifacts.startComment",
  "antigravity.getUserSettingsMainThreadProtoBinaryBase64",
  "antigravity.getOrCreateSerializedUserSettingsByAuthority",
  "antigravity.downloadDiagnostics",
  "antigravity.getDiagnostics",
  "antigravity.openReviewChanges",
  "antigravity.showSshDisconnectionFullScreenView",
  "antigravity.showLanguageServerInitFailureFullScreenView",
  "antigravity.showAuthFailureFullScreenView",
  "antigravity.showLanguageServerCrashFullScreenView",
  "antigravity.hideFullScreenView",
  "antigravity.trackBackgroundConversationCreated",
  "antigravity.clearAndDisableTracing",
  "antigravity.enableTracing",
  "antigravity.getWorkbenchTrace",
  "antigravity.getManagerTrace",
  "antigravity.initializeAgent",
  "antigravity.agent.acceptAgentStep",
  "antigravity.agent.rejectAgentStep",
  "antigravity.openConversationPicker",
  "antigravity.agentViewContainerId.resetViewContainerLocation",
  "antigravity.agentPanel.open",
  "antigravity.agentPanel.focus",
  "antigravity.agentPanel.expandView",
  "antigravity.agentPanel.resetViewLocation",
  "antigravity.agentSidePanel.open",
  "antigravity.agentSidePanel.focus",
  "antigravity.agentSidePanel.expandView",
  "antigravity.agentSidePanel.resetViewLocation",
  "antigravity.agentViewContainerId",
  "antigravity.onUserSettingsUpdateFromExtHost",
  "workbench.antigravity.showLaunchpad",
  "antigravityDevContainers.open",
  "antigravityDevContainers.focus",
  "antigravityDevContainers.expandView",
  "antigravityDevContainers.resetViewLocation",
  "antigravitySSHHosts.open",
  "antigravitySSHHosts.focus",
  "antigravitySSHHosts.expandView",
  "antigravitySSHHosts.resetViewLocation",
  "antigravityWslTargets.open",
  "antigravityWslTargets.focus",
  "antigravityWslTargets.expandView",
  "antigravityWslTargets.resetViewLocation",
  "antigravity.agentPanel.toggleVisibility",
  "antigravity.agentPanel.removeView",
  "git.antigravityCloneNonInteractive",
  "git.antigravityGetRemoteUrl",
  "antigravity.onShellCommandCompletion",
  "workbench.action.output.show.google.antigravity.Antigravity",
  "workbench.action.output.show.google.antigravity.Antigravity Crash Logs",
  "antigravity.onManagerTerminalCommandStart",
  "antigravity.onManagerTerminalCommandData",
  "antigravity.onManagerTerminalCommandFinish",
  "antigravity.cancelLogin",
  "antigravity.handleAuthRefresh",
  "antigravity.updateUserSettingsFromRenderer",
  "antigravity.updateUserSetting",
  "antigravity.openConversationWorkspaceQuickPick",
  "antigravity.showManagedTerminal",
  "antigravity.pollMcpServerStates",
  "antigravity.toggleRerenderFrequencyAlerts",
  "workbench.action.output.show.google.antigravity-browser-launcher.Browser Launcher",
  "antigravity.prioritized.command.open",
  "antigravity.command.accept",
  "antigravity.command.reject",
  "antigravity.prioritized.terminalCommand.open",
  "antigravity.terminalCommand.run",
  "antigravity.terminalCommand.accept",
  "antigravity.terminalCommand.reject",
  "antigravity.prioritized.agentFocusNextHunk",
  "antigravity.prioritized.agentFocusPreviousHunk",
  "antigravity.prioritized.agentAcceptFocusedHunk",
  "antigravity.prioritized.agentRejectFocusedHunk",
  "antigravity.handleDiffZoneEdit",
  "antigravity.openDiffZones",
  "antigravity.closeAllDiffZones",
  "antigravity.setDiffZonesState",
  "antigravity.migrateWindsurfSettings",
  "antigravity.importVSCodeSettings",
  "antigravity.importVSCodeExtensions",
  "antigravity.importCursorSettings",
  "antigravity.importCiderSettings",
  "antigravity.importCursorExtensions",
  "antigravity.importWindsurfSettings",
  "antigravity.importWindsurfExtensions",
  "antigravity.importVSCodeRecentWorkspaces",
  "antigravity.acceptCompletion",
  "antigravity.openMcpConfigFile",
  "antigravity.getMcpServerTemplates",
  "antigravity.getCascadePluginTemplate",
  "antigravity.updatePluginInstallationCount",
  "antigravity.restartUserStatusUpdater",
  "antigravity.logProductEvent",
  "antigravity.prioritized.chat.open",
  "antigravity.sendTextToChat",
  "antigravity.prioritized.chat.openFromTerminal",
  "antigravity.prioritized.chat.openFromProblemsPanel",
  "antigravity.prioritized.chat.openFromProblemsPanelForSingleFile",
  "antigravity.prioritized.terminalSuggestion.accept",
  "antigravity.openGenericUrl",
  "antigravity.prioritized.supercompleteAccept",
  "antigravity.prioritized.supercompleteEscape",
  "antigravity.snoozeAutocomplete",
  "antigravity.cancelSnoozeAutocomplete",
  "antigravity.explainProblem",
  "antigravity.restartLanguageServer",
  "antigravity.simulateSegFault",
  "antigravity.setWorkingDirectories",
  "antigravity.setVisibleConversation",
  "antigravity.triggerAgent",
  "antigravity.executeCascadeAction",
  "antigravity.prioritized.chat.openNewConversation",
  "antigravity.sendChatActionMessage",
  "antigravity.tabReporting",
  "antigravity.updateTerminalLastCommand",
  "antigravity.isFileGitIgnored",
  "antigravity.resetOnboardingBackend",
  "antigravity.openBrowser",
  "antigravity.startDemoMode",
  "antigravity.endDemoMode",
  "antigravity.captureTraces",
  "antigravity.generateCommitMessage",
  "antigravity.cancelGenerateCommitMessage",
  "antigravity.killRemoteExtensionHost",
  "antigravity-dev-containers.openInContainer",
  "antigravity-dev-containers.reopenInContainer",
  "antigravity-dev-containers.attachToRunningContainer",
  "antigravity-dev-containers.showLog",
  "antigravity-dev-containers.reopenFolderLocally",
  "workbench.action.output.show.extension-output-Google LLC.antigravity-dev-containers-#1-Remote - Dev Containers (Antigravity)"
]